[32m2024-03-22 14:04:44 -0400[0m - dagster - [34mDEBUG[0m - __ASSET_JOB - 08679c76-2f07-40ba-9ede-fd84ac7f198f - 68658 - LOGS_CAPTURED - Started capturing logs in process (pid: 68658).
[32m2024-03-22 14:04:44 -0400[0m - dagster - [34mDEBUG[0m - __ASSET_JOB - 08679c76-2f07-40ba-9ede-fd84ac7f198f - 68658 - jaffle_shop_dbt_assets - STEP_START - Started execution of step "jaffle_shop_dbt_assets".
[32m2024-03-22 14:04:44 -0400[0m - dagster - [34mINFO[0m - __ASSET_JOB - 08679c76-2f07-40ba-9ede-fd84ac7f198f - jaffle_shop_dbt_assets - A dbt subsetted execution is not being performed. Using the default dbt selection arguments `['--select', 'fqn:*']`.
[32m2024-03-22 14:04:44 -0400[0m - dagster - [34mINFO[0m - __ASSET_JOB - 08679c76-2f07-40ba-9ede-fd84ac7f198f - jaffle_shop_dbt_assets - Copying `/Users/marcwork/Desktop/Lightdash/dbt/target/partial_parse.msgpack` to `/Users/marcwork/Desktop/Lightdash/dbt/target/jaffle_shop_dbt_assets-08679c7-40d3ac4/partial_parse.msgpack` to take advantage of partial parsing.
[32m2024-03-22 14:04:44 -0400[0m - dagster - [34mINFO[0m - __ASSET_JOB - 08679c76-2f07-40ba-9ede-fd84ac7f198f - jaffle_shop_dbt_assets - Running dbt command: `dbt build --select fqn:*`.
[32m2024-03-22 14:04:49 -0400[0m - dagster - [34mDEBUG[0m - __ASSET_JOB - 08679c76-2f07-40ba-9ede-fd84ac7f198f - 68658 - jaffle_shop_dbt_assets - STEP_OUTPUT - Yielded output "seed_jaffle_shop_raw_customers" of type "Nothing". (Type check passed).
[32m2024-03-22 14:04:49 -0400[0m - dagster - [34mDEBUG[0m - __ASSET_JOB - 08679c76-2f07-40ba-9ede-fd84ac7f198f - 68658 - jaffle_shop_dbt_assets - ASSET_MATERIALIZATION - Materialized value raw_customers.
[32m2024-03-22 14:04:49 -0400[0m - dagster - [34mDEBUG[0m - __ASSET_JOB - 08679c76-2f07-40ba-9ede-fd84ac7f198f - 68658 - jaffle_shop_dbt_assets - STEP_OUTPUT - Yielded output "seed_jaffle_shop_raw_payments" of type "Nothing". (Type check passed).
[32m2024-03-22 14:04:49 -0400[0m - dagster - [34mDEBUG[0m - __ASSET_JOB - 08679c76-2f07-40ba-9ede-fd84ac7f198f - 68658 - jaffle_shop_dbt_assets - ASSET_MATERIALIZATION - Materialized value raw_payments.
[32m2024-03-22 14:04:49 -0400[0m - dagster - [34mDEBUG[0m - __ASSET_JOB - 08679c76-2f07-40ba-9ede-fd84ac7f198f - 68658 - jaffle_shop_dbt_assets - STEP_OUTPUT - Yielded output "seed_jaffle_shop_raw_orders" of type "Nothing". (Type check passed).
[32m2024-03-22 14:04:49 -0400[0m - dagster - [34mDEBUG[0m - __ASSET_JOB - 08679c76-2f07-40ba-9ede-fd84ac7f198f - 68658 - jaffle_shop_dbt_assets - ASSET_MATERIALIZATION - Materialized value raw_orders.
[32m2024-03-22 14:04:49 -0400[0m - dagster - [34mDEBUG[0m - __ASSET_JOB - 08679c76-2f07-40ba-9ede-fd84ac7f198f - 68658 - jaffle_shop_dbt_assets - STEP_OUTPUT - Yielded output "model_jaffle_shop_stg_orders" of type "Nothing". (Type check passed).
[32m2024-03-22 14:04:49 -0400[0m - dagster - [34mDEBUG[0m - __ASSET_JOB - 08679c76-2f07-40ba-9ede-fd84ac7f198f - 68658 - jaffle_shop_dbt_assets - ASSET_MATERIALIZATION - Materialized value stg_orders.
[32m2024-03-22 14:04:49 -0400[0m - dagster - [34mDEBUG[0m - __ASSET_JOB - 08679c76-2f07-40ba-9ede-fd84ac7f198f - 68658 - jaffle_shop_dbt_assets - STEP_OUTPUT - Yielded output "model_jaffle_shop_stg_customers" of type "Nothing". (Type check passed).
[32m2024-03-22 14:04:49 -0400[0m - dagster - [34mDEBUG[0m - __ASSET_JOB - 08679c76-2f07-40ba-9ede-fd84ac7f198f - 68658 - jaffle_shop_dbt_assets - ASSET_MATERIALIZATION - Materialized value stg_customers.
[32m2024-03-22 14:04:49 -0400[0m - dagster - [34mDEBUG[0m - __ASSET_JOB - 08679c76-2f07-40ba-9ede-fd84ac7f198f - 68658 - jaffle_shop_dbt_assets - STEP_OUTPUT - Yielded output "model_jaffle_shop_stg_payments" of type "Nothing". (Type check passed).
[32m2024-03-22 14:04:49 -0400[0m - dagster - [34mDEBUG[0m - __ASSET_JOB - 08679c76-2f07-40ba-9ede-fd84ac7f198f - 68658 - jaffle_shop_dbt_assets - ASSET_MATERIALIZATION - Materialized value stg_payments.
[32m2024-03-22 14:04:49 -0400[0m - dagster - [34mDEBUG[0m - __ASSET_JOB - 08679c76-2f07-40ba-9ede-fd84ac7f198f - 68658 - jaffle_shop_dbt_assets - ASSET_OBSERVATION - DagsterEventType.ASSET_OBSERVATION for step jaffle_shop_dbt_assets
[32m2024-03-22 14:04:49 -0400[0m - dagster - [34mDEBUG[0m - __ASSET_JOB - 08679c76-2f07-40ba-9ede-fd84ac7f198f - 68658 - jaffle_shop_dbt_assets - ASSET_OBSERVATION - DagsterEventType.ASSET_OBSERVATION for step jaffle_shop_dbt_assets
[32m2024-03-22 14:04:49 -0400[0m - dagster - [34mDEBUG[0m - __ASSET_JOB - 08679c76-2f07-40ba-9ede-fd84ac7f198f - 68658 - jaffle_shop_dbt_assets - ASSET_OBSERVATION - DagsterEventType.ASSET_OBSERVATION for step jaffle_shop_dbt_assets
[32m2024-03-22 14:04:49 -0400[0m - dagster - [34mDEBUG[0m - __ASSET_JOB - 08679c76-2f07-40ba-9ede-fd84ac7f198f - 68658 - jaffle_shop_dbt_assets - ASSET_OBSERVATION - DagsterEventType.ASSET_OBSERVATION for step jaffle_shop_dbt_assets
[32m2024-03-22 14:04:49 -0400[0m - dagster - [34mDEBUG[0m - __ASSET_JOB - 08679c76-2f07-40ba-9ede-fd84ac7f198f - 68658 - jaffle_shop_dbt_assets - ASSET_OBSERVATION - DagsterEventType.ASSET_OBSERVATION for step jaffle_shop_dbt_assets
[32m2024-03-22 14:04:49 -0400[0m - dagster - [34mDEBUG[0m - __ASSET_JOB - 08679c76-2f07-40ba-9ede-fd84ac7f198f - 68658 - jaffle_shop_dbt_assets - ASSET_OBSERVATION - DagsterEventType.ASSET_OBSERVATION for step jaffle_shop_dbt_assets
[32m2024-03-22 14:04:49 -0400[0m - dagster - [34mDEBUG[0m - __ASSET_JOB - 08679c76-2f07-40ba-9ede-fd84ac7f198f - 68658 - jaffle_shop_dbt_assets - ASSET_OBSERVATION - DagsterEventType.ASSET_OBSERVATION for step jaffle_shop_dbt_assets
[32m2024-03-22 14:04:49 -0400[0m - dagster - [34mDEBUG[0m - __ASSET_JOB - 08679c76-2f07-40ba-9ede-fd84ac7f198f - 68658 - jaffle_shop_dbt_assets - ASSET_OBSERVATION - DagsterEventType.ASSET_OBSERVATION for step jaffle_shop_dbt_assets
[32m2024-03-22 14:04:49 -0400[0m - dagster - [34mDEBUG[0m - __ASSET_JOB - 08679c76-2f07-40ba-9ede-fd84ac7f198f - 68658 - jaffle_shop_dbt_assets - STEP_OUTPUT - Yielded output "model_jaffle_shop_orders" of type "Nothing". (Type check passed).
[32m2024-03-22 14:04:50 -0400[0m - dagster - [34mDEBUG[0m - __ASSET_JOB - 08679c76-2f07-40ba-9ede-fd84ac7f198f - 68658 - jaffle_shop_dbt_assets - ASSET_MATERIALIZATION - Materialized value orders.
[32m2024-03-22 14:04:50 -0400[0m - dagster - [34mDEBUG[0m - __ASSET_JOB - 08679c76-2f07-40ba-9ede-fd84ac7f198f - 68658 - jaffle_shop_dbt_assets - STEP_OUTPUT - Yielded output "model_jaffle_shop_customers" of type "Nothing". (Type check passed).
[32m2024-03-22 14:04:50 -0400[0m - dagster - [34mDEBUG[0m - __ASSET_JOB - 08679c76-2f07-40ba-9ede-fd84ac7f198f - 68658 - jaffle_shop_dbt_assets - ASSET_MATERIALIZATION - Materialized value customers.
[32m2024-03-22 14:04:50 -0400[0m - dagster - [34mDEBUG[0m - __ASSET_JOB - 08679c76-2f07-40ba-9ede-fd84ac7f198f - 68658 - jaffle_shop_dbt_assets - ASSET_OBSERVATION - DagsterEventType.ASSET_OBSERVATION for step jaffle_shop_dbt_assets
[32m2024-03-22 14:04:50 -0400[0m - dagster - [34mDEBUG[0m - __ASSET_JOB - 08679c76-2f07-40ba-9ede-fd84ac7f198f - 68658 - jaffle_shop_dbt_assets - ASSET_OBSERVATION - DagsterEventType.ASSET_OBSERVATION for step jaffle_shop_dbt_assets
[32m2024-03-22 14:04:50 -0400[0m - dagster - [34mDEBUG[0m - __ASSET_JOB - 08679c76-2f07-40ba-9ede-fd84ac7f198f - 68658 - jaffle_shop_dbt_assets - ASSET_OBSERVATION - DagsterEventType.ASSET_OBSERVATION for step jaffle_shop_dbt_assets
[32m2024-03-22 14:04:50 -0400[0m - dagster - [34mDEBUG[0m - __ASSET_JOB - 08679c76-2f07-40ba-9ede-fd84ac7f198f - 68658 - jaffle_shop_dbt_assets - ASSET_OBSERVATION - DagsterEventType.ASSET_OBSERVATION for step jaffle_shop_dbt_assets
[32m2024-03-22 14:04:50 -0400[0m - dagster - [34mDEBUG[0m - __ASSET_JOB - 08679c76-2f07-40ba-9ede-fd84ac7f198f - 68658 - jaffle_shop_dbt_assets - ASSET_OBSERVATION - DagsterEventType.ASSET_OBSERVATION for step jaffle_shop_dbt_assets
[32m2024-03-22 14:04:50 -0400[0m - dagster - [34mDEBUG[0m - __ASSET_JOB - 08679c76-2f07-40ba-9ede-fd84ac7f198f - 68658 - jaffle_shop_dbt_assets - ASSET_OBSERVATION - DagsterEventType.ASSET_OBSERVATION for step jaffle_shop_dbt_assets
[32m2024-03-22 14:04:50 -0400[0m - dagster - [34mDEBUG[0m - __ASSET_JOB - 08679c76-2f07-40ba-9ede-fd84ac7f198f - 68658 - jaffle_shop_dbt_assets - ASSET_OBSERVATION - DagsterEventType.ASSET_OBSERVATION for step jaffle_shop_dbt_assets
[32m2024-03-22 14:04:50 -0400[0m - dagster - [34mDEBUG[0m - __ASSET_JOB - 08679c76-2f07-40ba-9ede-fd84ac7f198f - 68658 - jaffle_shop_dbt_assets - ASSET_OBSERVATION - DagsterEventType.ASSET_OBSERVATION for step jaffle_shop_dbt_assets
[32m2024-03-22 14:04:50 -0400[0m - dagster - [34mDEBUG[0m - __ASSET_JOB - 08679c76-2f07-40ba-9ede-fd84ac7f198f - 68658 - jaffle_shop_dbt_assets - ASSET_OBSERVATION - DagsterEventType.ASSET_OBSERVATION for step jaffle_shop_dbt_assets
[32m2024-03-22 14:04:50 -0400[0m - dagster - [34mDEBUG[0m - __ASSET_JOB - 08679c76-2f07-40ba-9ede-fd84ac7f198f - 68658 - jaffle_shop_dbt_assets - ASSET_OBSERVATION - DagsterEventType.ASSET_OBSERVATION for step jaffle_shop_dbt_assets
[32m2024-03-22 14:04:50 -0400[0m - dagster - [34mDEBUG[0m - __ASSET_JOB - 08679c76-2f07-40ba-9ede-fd84ac7f198f - 68658 - jaffle_shop_dbt_assets - ASSET_OBSERVATION - DagsterEventType.ASSET_OBSERVATION for step jaffle_shop_dbt_assets
[32m2024-03-22 14:04:50 -0400[0m - dagster - [34mDEBUG[0m - __ASSET_JOB - 08679c76-2f07-40ba-9ede-fd84ac7f198f - 68658 - jaffle_shop_dbt_assets - ASSET_OBSERVATION - DagsterEventType.ASSET_OBSERVATION for step jaffle_shop_dbt_assets
[32m2024-03-22 14:04:50 -0400[0m - dagster - [34mDEBUG[0m - __ASSET_JOB - 08679c76-2f07-40ba-9ede-fd84ac7f198f - 68658 - jaffle_shop_dbt_assets - ASSET_OBSERVATION - DagsterEventType.ASSET_OBSERVATION for step jaffle_shop_dbt_assets
[32m2024-03-22 14:04:51 -0400[0m - dagster - [34mINFO[0m - __ASSET_JOB - 08679c76-2f07-40ba-9ede-fd84ac7f198f - jaffle_shop_dbt_assets - Finished dbt command: `dbt build --select fqn:*`.
[32m2024-03-22 14:04:51 -0400[0m - dagster - [34mDEBUG[0m - __ASSET_JOB - 08679c76-2f07-40ba-9ede-fd84ac7f198f - 68658 - jaffle_shop_dbt_assets - STEP_SUCCESS - Finished execution of step "jaffle_shop_dbt_assets" in 6.15s.
